Logging Initialized.
Welcome to Cyan Rose.
Loaded command: pingcmd
Loaded command: introcmd
Loaded event: on_ready
Logged in as Cyan Rose#1151 (1222974960944021514)
Command: Intro | User: mossmarcia
Button: Get Name | User: mossmarcia
Logging Initialized.
Welcome to Cyan Rose.
Logging Initialized.
Welcome to Cyan Rose.
Logging Initialized.
Welcome to Cyan Rose.
Loaded command: pingcmd
Loaded command: introcmd
Loaded event: on_ready
Logged in as Cyan Rose#1151 (1222974960944021514)
Command: Intro | User: mossmarcia
Button: Get Name | User: mossmarcia
Button: Prefer Not To Share | User: mossmarcia
Logging Initialized.
Welcome to Cyan Rose.
Loaded command: pingcmd
Loaded command: introcmd
Loaded event: on_ready
Logged in as Cyan Rose#1151 (1222974960944021514)
Command: Intro | User: mossmarcia
Button: Get Name | User: mossmarcia
Button: Get Birth | User: mossmarcia
Logging Initialized.
Welcome to Cyan Rose.
Loaded command: pingcmd
Loaded command: introcmd
Loaded event: on_ready
Logged in as Cyan Rose#1151 (1222974960944021514)
Command: Intro | User: mossmarcia
Button: Get Name | User: mossmarcia
Button: Get Birth | User: mossmarcia
Button: Get Reason | User: mossmarcia
Button: Prefer Not To Share | User: mossmarcia
Logging Initialized.
Welcome to Cyan Rose.
Logging Initialized.
Welcome to Cyan Rose.
Loaded command: pingcmd
Loaded command: introcmd
Loaded event: on_ready
Logged in as Cyan Rose#1151 (1222974960944021514)
Command: Intro | User: mossmarcia
Button: Get Name | User: mossmarcia
Button: Prefer Not To Share | User: mossmarcia
Logging Initialized.
Welcome to Cyan Rose.
Loaded command: pingcmd
Loaded command: introcmd
Loaded event: on_ready
Logging Initialized.
Welcome to Cyan Rose.
Loaded command: pingcmd
Loaded command: introcmd
Loaded event: on_ready
Logged in as Cyan Rose#1151 (1222974960944021514)
Command: Intro | User: mossmarcia
Button: Get Name | User: mossmarcia
Button: Get Birth | User: mossmarcia
Button: Get Reason | User: mossmarcia
Button: Get Politic | User: mossmarcia
Command: Intro | User: mossmarcia
Button: Get Name | User: mossmarcia
Button: Get Birth | User: mossmarcia
Button: Get Reason | User: mossmarcia
Button: Get Politic | User: mossmarcia
Logging Initialized.
Welcome to Cyan Rose.
Loaded command: pingcmd
Loaded command: introcmd
Loaded event: on_ready
Logged in as Cyan Rose#1151 (1222974960944021514)
Command: Intro | User: mossmarcia
Button: Get Name | User: mossmarcia
Button: Get Birth | User: mossmarcia
Button: Get Reason | User: mossmarcia
Button: Get Politic | User: mossmarcia
Logging Initialized.
Welcome to Cyan Rose.
Loaded command: pingcmd
Loaded command: introcmd
Loaded event: on_ready
Logged in as Cyan Rose#1151 (1222974960944021514)
Command: Intro | User: mossmarcia
Button: Get Name | User: mossmarcia
Button: Get Birth | User: mossmarcia
Button: Get Reason | User: mossmarcia
Button: Get Politic | User: mossmarcia
Command: Intro | User: jansemaja
Command: Intro | User: jansemaja
Logging Initialized.
Welcome to Cyan Rose.
Loaded command: pingcmd
Loaded command: introcmd
Loaded event: on_ready
Logged in as Cyan Rose#1151 (1222974960944021514)
Command: Intro | User: mossmarcia
Button: Get Name | User: mossmarcia
Button: Get Birth | User: mossmarcia
Button: Get Reason | User: mossmarcia
Button: Get Politic | User: mossmarcia
Command: Intro | User: jansemaja
Command: Intro | User: maypop_the_dragon
Button: Get Name | User: maypop_the_dragon
Button: Prefer Not To Share | User: maypop_the_dragon
Logging Initialized.
Welcome to Cyan Rose.
Loaded command: pingcmd
Loaded command: introcmd
Loaded event: on_ready
Logged in as Cyan Rose#1151 (1222974960944021514)
Command: Intro | User: maypop_the_dragon
Button: Get Name | User: maypop_the_dragon
Button: Get Birth | User: maypop_the_dragon
Button: Get Reason | User: maypop_the_dragon
Button: Get Politic | User: maypop_the_dragon
Command: Intro | User: jansemaja
Command: Intro | User: jansemaja
